The system is: Darwin - 10.0.0 - i386
Compiling the C compiler identification source file "CMakeCCompilerId.c" succeeded.
Compiler: /usr/bin/gcc 
Build flags: 
Id flags: 

The output was:
0


Compilation of the C compiler identification source "CMakeCCompilerId.c" produced "a.out"

The C compiler identification is GNU, found in "/Users/aburgh/Projects/iPhone/usbmuxd/CMakeFiles/CompilerIdC/a.out"

Compiling the CXX compiler identification source file "CMakeCXXCompilerId.cpp" succeeded.
Compiler: /usr/bin/g++ 
Build flags: 
Id flags: 

The output was:
0
CMakeCXXCompilerId.cpp:67: warning: deprecated conversion from string constant to ‘char*’
CMakeCXXCompilerId.cpp:151: warning: deprecated conversion from string constant to ‘char*’


Compilation of the CXX compiler identification source "CMakeCXXCompilerId.cpp" produced "a.out"

The CXX compiler identification is GNU, found in "/Users/aburgh/Projects/iPhone/usbmuxd/CMakeFiles/CompilerIdCXX/a.out"

Determining if the C compiler works passed with the following output:
Change Dir: /Users/aburgh/Projects/iPhone/usbmuxd/CMakeFiles/CMakeTmp

Run Build Command:/usr/local/bin/cmakexbuild -project CMAKE_TRY_COMPILE.xcodeproj build -target cmTryCompileExec -configuration Debug
2009-11-05 09:53:04.806 xcodebuild[56331:80b] warning: compiler 'gov.fbi.iphone.armv6.gas.default' is based on missing compiler 'gov.fbi.iphone.armv6.gas.1.38'
2009-11-05 09:53:05.842 xcodebuild[56331:80b] Error loading /Developer/Platforms/iPhoneOS.platform/Developer/Library/Xcode/Plug-ins/iPhoneOS Build System Support.xcplugin/Contents/MacOS/iPhoneOS Build System Support:  dlopen(/Developer/Platforms/iPhoneOS.platform/Developer/Library/Xcode/Plug-ins/iPhoneOS Build System Support.xcplugin/Contents/MacOS/iPhoneOS Build System Support, 265): Library not loaded: /System/Library/PrivateFrameworks/MobileDevice.framework/Versions/A/MobileDevice
  Referenced from: /Developer/usr/bin/../../Library/Frameworks//../../Platforms/iPhoneOS.platform/Developer/Library/PrivateFrameworks/DTDeviceKitBase.framework/Versions/A/DTDeviceKitBase
  Reason: image not found
2009-11-05 09:53:05.842 xcodebuild[56331:80b] WARNING: Failed to load plugin at: /Developer/Platforms/iPhoneOS.platform/Developer/Library/Xcode/Plug-ins/iPhoneOS Build System Support.xcplugin, skipping.  Could not load bundle.

=== BUILD NATIVE TARGET cmTryCompileExec OF PROJECT CMAKE_TRY_COMPILE WITH CONFIGURATION Debug ===
Check dependencies
PhaseScriptExecution "CMake ReRun" /Users/aburgh/Library/Caches/Xcode/Build/CMAKE_TRY_COMPILE.build/Debug/cmTryCompileExec.build/Script-1007D1A701007D1A701007D1.sh
    cd /Volumes/Leopard/Users/aburgh/Projects/iPhone/usbmuxd/CMakeFiles/CMakeTmp
    /bin/sh -c /Users/aburgh/Library/Caches/Xcode/Build/CMAKE_TRY_COMPILE.build/Debug/cmTryCompileExec.build/Script-1007D1A701007D1A701007D1.sh

make: `CMakeFiles/cmake.check_cache' is up to date.
CompileC /Users/aburgh/Library/Caches/Xcode/Build/CMAKE_TRY_COMPILE.build/Debug/cmTryCompileExec.build/Objects-normal/i386/testCCompiler.o /Users/aburgh/Projects/iPhone/usbmuxd/CMakeFiles/CMakeTmp/testCCompiler.c normal i386 c com.apple.compilers.gcc.4_2
    cd /Volumes/Leopard/Users/aburgh/Projects/iPhone/usbmuxd/CMakeFiles/CMakeTmp
    /Developer/usr/bin/gcc-4.2 -x c -arch i386 -fmessage-length=0 -pipe -Wno-trigraphs -fpascal-strings -fasm-blocks -O0 -mdynamic-no-pic -DCMAKE_INTDIR="Debug" -gdwarf-2 -Wmost -Wno-four-char-constants -Wno-unknown-pragmas -F/Users/aburgh/Projects/iPhone/usbmuxd/CMakeFiles/CMakeTmp/Debug -I/Users/aburgh/Projects/iPhone/usbmuxd/CMakeFiles/CMakeTmp/Debug/include -I/Users/aburgh/Library/Caches/Xcode/Build/CMAKE_TRY_COMPILE.build/Debug/cmTryCompileExec.build/DerivedSources/i386 -I/Users/aburgh/Library/Caches/Xcode/Build/CMAKE_TRY_COMPILE.build/Debug/cmTryCompileExec.build/DerivedSources -c /Users/aburgh/Projects/iPhone/usbmuxd/CMakeFiles/CMakeTmp/testCCompiler.c -o /Users/aburgh/Library/Caches/Xcode/Build/CMAKE_TRY_COMPILE.build/Debug/cmTryCompileExec.build/Objects-normal/i386/testCCompiler.o

Ld /Users/aburgh/Projects/iPhone/usbmuxd/CMakeFiles/CMakeTmp/Debug/cmTryCompileExec normal i386
    cd /Volumes/Leopard/Users/aburgh/Projects/iPhone/usbmuxd/CMakeFiles/CMakeTmp
    /Developer/usr/bin/gcc-4.2 -arch i386 -L/Users/aburgh/Projects/iPhone/usbmuxd/CMakeFiles/CMakeTmp/Debug -F/Users/aburgh/Projects/iPhone/usbmuxd/CMakeFiles/CMakeTmp/Debug -filelist /Users/aburgh/Library/Caches/Xcode/Build/CMAKE_TRY_COMPILE.build/Debug/cmTryCompileExec.build/Objects-normal/i386/cmTryCompileExec.LinkFileList -Wl,-search_paths_first -headerpad_max_install_names -o /Users/aburgh/Projects/iPhone/usbmuxd/CMakeFiles/CMakeTmp/Debug/cmTryCompileExec

PhaseScriptExecution "CMake PostBuild Rules" /Users/aburgh/Library/Caches/Xcode/Build/CMAKE_TRY_COMPILE.build/Debug/cmTryCompileExec.build/Script-1007D24A01007D24A01007D2.sh
    cd /Volumes/Leopard/Users/aburgh/Projects/iPhone/usbmuxd/CMakeFiles/CMakeTmp
    /bin/sh -c /Users/aburgh/Library/Caches/Xcode/Build/CMAKE_TRY_COMPILE.build/Debug/cmTryCompileExec.build/Script-1007D24A01007D24A01007D2.sh

echo "Depend check for xcode"
Depend check for xcode
cd /Users/aburgh/Projects/iPhone/usbmuxd/CMakeFiles/CMakeTmp && make -C /Users/aburgh/Projects/iPhone/usbmuxd/CMakeFiles/CMakeTmp -f /Users/aburgh/Projects/iPhone/usbmuxd/CMakeFiles/CMakeTmp/CMakeScripts/XCODE_DEPEND_HELPER.make all.Debug
make[1]: Nothing to be done for `all.Debug'.
** BUILD SUCCEEDED **



Detecting C compiler ABI info compiled with the following output:
Change Dir: /Users/aburgh/Projects/iPhone/usbmuxd/CMakeFiles/CMakeTmp

Run Build Command:/usr/local/bin/cmakexbuild -project CMAKE_TRY_COMPILE.xcodeproj build -target cmTryCompileExec -configuration Debug
2009-11-05 09:53:09.160 xcodebuild[56411:80b] warning: compiler 'gov.fbi.iphone.armv6.gas.default' is based on missing compiler 'gov.fbi.iphone.armv6.gas.1.38'
2009-11-05 09:53:09.210 xcodebuild[56411:80b] Error loading /Developer/Platforms/iPhoneOS.platform/Developer/Library/Xcode/Plug-ins/iPhoneOS Build System Support.xcplugin/Contents/MacOS/iPhoneOS Build System Support:  dlopen(/Developer/Platforms/iPhoneOS.platform/Developer/Library/Xcode/Plug-ins/iPhoneOS Build System Support.xcplugin/Contents/MacOS/iPhoneOS Build System Support, 265): Library not loaded: /System/Library/PrivateFrameworks/MobileDevice.framework/Versions/A/MobileDevice
  Referenced from: /Developer/usr/bin/../../Library/Frameworks//../../Platforms/iPhoneOS.platform/Developer/Library/PrivateFrameworks/DTDeviceKitBase.framework/Versions/A/DTDeviceKitBase
  Reason: image not found
2009-11-05 09:53:09.210 xcodebuild[56411:80b] WARNING: Failed to load plugin at: /Developer/Platforms/iPhoneOS.platform/Developer/Library/Xcode/Plug-ins/iPhoneOS Build System Support.xcplugin, skipping.  Could not load bundle.

=== BUILD NATIVE TARGET cmTryCompileExec OF PROJECT CMAKE_TRY_COMPILE WITH CONFIGURATION Debug ===
Check dependencies
PhaseScriptExecution "CMake ReRun" /Users/aburgh/Library/Caches/Xcode/Build/CMAKE_TRY_COMPILE.build/Debug/cmTryCompileExec.build/Script-1007D8D801007D8D801007D8.sh
    cd /Volumes/Leopard/Users/aburgh/Projects/iPhone/usbmuxd/CMakeFiles/CMakeTmp
    /bin/sh -c /Users/aburgh/Library/Caches/Xcode/Build/CMAKE_TRY_COMPILE.build/Debug/cmTryCompileExec.build/Script-1007D8D801007D8D801007D8.sh

make: `CMakeFiles/cmake.check_cache' is up to date.
CompileC /Users/aburgh/Library/Caches/Xcode/Build/CMAKE_TRY_COMPILE.build/Debug/cmTryCompileExec.build/Objects-normal/i386/CMakeCCompilerABI.o /usr/local/share/cmake-2.6/Modules/CMakeCCompilerABI.c normal i386 c com.apple.compilers.gcc.4_2
    cd /Volumes/Leopard/Users/aburgh/Projects/iPhone/usbmuxd/CMakeFiles/CMakeTmp
    /Developer/usr/bin/gcc-4.2 -x c -arch i386 -fmessage-length=0 -pipe -Wno-trigraphs -fpascal-strings -fasm-blocks -O0 -mdynamic-no-pic -DCMAKE_INTDIR="Debug" -gdwarf-2 -Wmost -Wno-four-char-constants -Wno-unknown-pragmas -F/Users/aburgh/Projects/iPhone/usbmuxd/CMakeFiles/CMakeTmp/Debug -I/Users/aburgh/Projects/iPhone/usbmuxd/CMakeFiles/CMakeTmp/Debug/include -I/Users/aburgh/Library/Caches/Xcode/Build/CMAKE_TRY_COMPILE.build/Debug/cmTryCompileExec.build/DerivedSources/i386 -I/Users/aburgh/Library/Caches/Xcode/Build/CMAKE_TRY_COMPILE.build/Debug/cmTryCompileExec.build/DerivedSources -c /usr/local/share/cmake-2.6/Modules/CMakeCCompilerABI.c -o /Users/aburgh/Library/Caches/Xcode/Build/CMAKE_TRY_COMPILE.build/Debug/cmTryCompileExec.build/Objects-normal/i386/CMakeCCompilerABI.o

Ld /Users/aburgh/Projects/iPhone/usbmuxd/CMakeFiles/CMakeTmp/Debug/cmTryCompileExec normal i386
    cd /Volumes/Leopard/Users/aburgh/Projects/iPhone/usbmuxd/CMakeFiles/CMakeTmp
    /Developer/usr/bin/gcc-4.2 -arch i386 -L/Users/aburgh/Projects/iPhone/usbmuxd/CMakeFiles/CMakeTmp/Debug -F/Users/aburgh/Projects/iPhone/usbmuxd/CMakeFiles/CMakeTmp/Debug -filelist /Users/aburgh/Library/Caches/Xcode/Build/CMAKE_TRY_COMPILE.build/Debug/cmTryCompileExec.build/Objects-normal/i386/cmTryCompileExec.LinkFileList -Wl,-search_paths_first -headerpad_max_install_names -o /Users/aburgh/Projects/iPhone/usbmuxd/CMakeFiles/CMakeTmp/Debug/cmTryCompileExec

PhaseScriptExecution "CMake PostBuild Rules" /Users/aburgh/Library/Caches/Xcode/Build/CMAKE_TRY_COMPILE.build/Debug/cmTryCompileExec.build/Script-1007D98501007D98501007D9.sh
    cd /Volumes/Leopard/Users/aburgh/Projects/iPhone/usbmuxd/CMakeFiles/CMakeTmp
    /bin/sh -c /Users/aburgh/Library/Caches/Xcode/Build/CMAKE_TRY_COMPILE.build/Debug/cmTryCompileExec.build/Script-1007D98501007D98501007D9.sh

echo "Depend check for xcode"
Depend check for xcode
cd /Users/aburgh/Projects/iPhone/usbmuxd/CMakeFiles/CMakeTmp && make -C /Users/aburgh/Projects/iPhone/usbmuxd/CMakeFiles/CMakeTmp -f /Users/aburgh/Projects/iPhone/usbmuxd/CMakeFiles/CMakeTmp/CMakeScripts/XCODE_DEPEND_HELPER.make all.Debug
make[1]: Nothing to be done for `all.Debug'.
** BUILD SUCCEEDED **



Determining if the CXX compiler works passed with the following output:
Change Dir: /Users/aburgh/Projects/iPhone/usbmuxd/CMakeFiles/CMakeTmp

Run Build Command:/usr/local/bin/cmakexbuild -project CMAKE_TRY_COMPILE.xcodeproj build -target cmTryCompileExec -configuration Debug
2009-11-05 09:53:09.751 xcodebuild[56488:80b] warning: compiler 'gov.fbi.iphone.armv6.gas.default' is based on missing compiler 'gov.fbi.iphone.armv6.gas.1.38'
2009-11-05 09:53:09.801 xcodebuild[56488:80b] Error loading /Developer/Platforms/iPhoneOS.platform/Developer/Library/Xcode/Plug-ins/iPhoneOS Build System Support.xcplugin/Contents/MacOS/iPhoneOS Build System Support:  dlopen(/Developer/Platforms/iPhoneOS.platform/Developer/Library/Xcode/Plug-ins/iPhoneOS Build System Support.xcplugin/Contents/MacOS/iPhoneOS Build System Support, 265): Library not loaded: /System/Library/PrivateFrameworks/MobileDevice.framework/Versions/A/MobileDevice
  Referenced from: /Developer/usr/bin/../../Library/Frameworks//../../Platforms/iPhoneOS.platform/Developer/Library/PrivateFrameworks/DTDeviceKitBase.framework/Versions/A/DTDeviceKitBase
  Reason: image not found
2009-11-05 09:53:09.801 xcodebuild[56488:80b] WARNING: Failed to load plugin at: /Developer/Platforms/iPhoneOS.platform/Developer/Library/Xcode/Plug-ins/iPhoneOS Build System Support.xcplugin, skipping.  Could not load bundle.

=== BUILD NATIVE TARGET cmTryCompileExec OF PROJECT CMAKE_TRY_COMPILE WITH CONFIGURATION Debug ===
Check dependencies
PhaseScriptExecution "CMake ReRun" /Users/aburgh/Library/Caches/Xcode/Build/CMAKE_TRY_COMPILE.build/Debug/cmTryCompileExec.build/Script-1007D97301007D97301007D9.sh
    cd /Volumes/Leopard/Users/aburgh/Projects/iPhone/usbmuxd/CMakeFiles/CMakeTmp
    /bin/sh -c /Users/aburgh/Library/Caches/Xcode/Build/CMAKE_TRY_COMPILE.build/Debug/cmTryCompileExec.build/Script-1007D97301007D97301007D9.sh

make: `CMakeFiles/cmake.check_cache' is up to date.
CompileC /Users/aburgh/Library/Caches/Xcode/Build/CMAKE_TRY_COMPILE.build/Debug/cmTryCompileExec.build/Objects-normal/i386/testCXXCompiler.o /Users/aburgh/Projects/iPhone/usbmuxd/CMakeFiles/CMakeTmp/testCXXCompiler.cxx normal i386 c++ com.apple.compilers.gcc.4_2
    cd /Volumes/Leopard/Users/aburgh/Projects/iPhone/usbmuxd/CMakeFiles/CMakeTmp
    /Developer/usr/bin/gcc-4.2 -x c++ -arch i386 -fmessage-length=0 -pipe -Wno-trigraphs -fpascal-strings -fasm-blocks -O0 -mdynamic-no-pic -DCMAKE_INTDIR="Debug" -gdwarf-2 -Wmost -Wno-four-char-constants -Wno-unknown-pragmas -F/Users/aburgh/Projects/iPhone/usbmuxd/CMakeFiles/CMakeTmp/Debug -I/Users/aburgh/Projects/iPhone/usbmuxd/CMakeFiles/CMakeTmp/Debug/include -I/Users/aburgh/Library/Caches/Xcode/Build/CMAKE_TRY_COMPILE.build/Debug/cmTryCompileExec.build/DerivedSources/i386 -I/Users/aburgh/Library/Caches/Xcode/Build/CMAKE_TRY_COMPILE.build/Debug/cmTryCompileExec.build/DerivedSources -c /Users/aburgh/Projects/iPhone/usbmuxd/CMakeFiles/CMakeTmp/testCXXCompiler.cxx -o /Users/aburgh/Library/Caches/Xcode/Build/CMAKE_TRY_COMPILE.build/Debug/cmTryCompileExec.build/Objects-normal/i386/testCXXCompiler.o

Ld /Users/aburgh/Projects/iPhone/usbmuxd/CMakeFiles/CMakeTmp/Debug/cmTryCompileExec normal i386
    cd /Volumes/Leopard/Users/aburgh/Projects/iPhone/usbmuxd/CMakeFiles/CMakeTmp
    /Developer/usr/bin/g++-4.2 -arch i386 -L/Users/aburgh/Projects/iPhone/usbmuxd/CMakeFiles/CMakeTmp/Debug -F/Users/aburgh/Projects/iPhone/usbmuxd/CMakeFiles/CMakeTmp/Debug -filelist /Users/aburgh/Library/Caches/Xcode/Build/CMAKE_TRY_COMPILE.build/Debug/cmTryCompileExec.build/Objects-normal/i386/cmTryCompileExec.LinkFileList -Wl,-search_paths_first -headerpad_max_install_names -o /Users/aburgh/Projects/iPhone/usbmuxd/CMakeFiles/CMakeTmp/Debug/cmTryCompileExec

PhaseScriptExecution "CMake PostBuild Rules" /Users/aburgh/Library/Caches/Xcode/Build/CMAKE_TRY_COMPILE.build/Debug/cmTryCompileExec.build/Script-1007DA2001007DA2001007DA.sh
    cd /Volumes/Leopard/Users/aburgh/Projects/iPhone/usbmuxd/CMakeFiles/CMakeTmp
    /bin/sh -c /Users/aburgh/Library/Caches/Xcode/Build/CMAKE_TRY_COMPILE.build/Debug/cmTryCompileExec.build/Script-1007DA2001007DA2001007DA.sh

echo "Depend check for xcode"
Depend check for xcode
cd /Users/aburgh/Projects/iPhone/usbmuxd/CMakeFiles/CMakeTmp && make -C /Users/aburgh/Projects/iPhone/usbmuxd/CMakeFiles/CMakeTmp -f /Users/aburgh/Projects/iPhone/usbmuxd/CMakeFiles/CMakeTmp/CMakeScripts/XCODE_DEPEND_HELPER.make all.Debug
make[1]: Nothing to be done for `all.Debug'.
** BUILD SUCCEEDED **



Detecting CXX compiler ABI info compiled with the following output:
Change Dir: /Users/aburgh/Projects/iPhone/usbmuxd/CMakeFiles/CMakeTmp

Run Build Command:/usr/local/bin/cmakexbuild -project CMAKE_TRY_COMPILE.xcodeproj build -target cmTryCompileExec -configuration Debug
2009-11-05 09:53:10.700 xcodebuild[56705:80b] warning: compiler 'gov.fbi.iphone.armv6.gas.default' is based on missing compiler 'gov.fbi.iphone.armv6.gas.1.38'
2009-11-05 09:53:10.747 xcodebuild[56705:80b] Error loading /Developer/Platforms/iPhoneOS.platform/Developer/Library/Xcode/Plug-ins/iPhoneOS Build System Support.xcplugin/Contents/MacOS/iPhoneOS Build System Support:  dlopen(/Developer/Platforms/iPhoneOS.platform/Developer/Library/Xcode/Plug-ins/iPhoneOS Build System Support.xcplugin/Contents/MacOS/iPhoneOS Build System Support, 265): Library not loaded: /System/Library/PrivateFrameworks/MobileDevice.framework/Versions/A/MobileDevice
  Referenced from: /Developer/usr/bin/../../Library/Frameworks//../../Platforms/iPhoneOS.platform/Developer/Library/PrivateFrameworks/DTDeviceKitBase.framework/Versions/A/DTDeviceKitBase
  Reason: image not found
2009-11-05 09:53:10.748 xcodebuild[56705:80b] WARNING: Failed to load plugin at: /Developer/Platforms/iPhoneOS.platform/Developer/Library/Xcode/Plug-ins/iPhoneOS Build System Support.xcplugin, skipping.  Could not load bundle.

=== BUILD NATIVE TARGET cmTryCompileExec OF PROJECT CMAKE_TRY_COMPILE WITH CONFIGURATION Debug ===
Check dependencies
PhaseScriptExecution "CMake ReRun" /Users/aburgh/Library/Caches/Xcode/Build/CMAKE_TRY_COMPILE.build/Debug/cmTryCompileExec.build/Script-1007E0DE01007E0DE01007E0.sh
    cd /Volumes/Leopard/Users/aburgh/Projects/iPhone/usbmuxd/CMakeFiles/CMakeTmp
    /bin/sh -c /Users/aburgh/Library/Caches/Xcode/Build/CMAKE_TRY_COMPILE.build/Debug/cmTryCompileExec.build/Script-1007E0DE01007E0DE01007E0.sh

make: `CMakeFiles/cmake.check_cache' is up to date.
CompileC /Users/aburgh/Library/Caches/Xcode/Build/CMAKE_TRY_COMPILE.build/Debug/cmTryCompileExec.build/Objects-normal/i386/CMakeCXXCompilerABI.o /usr/local/share/cmake-2.6/Modules/CMakeCXXCompilerABI.cpp normal i386 c++ com.apple.compilers.gcc.4_2
    cd /Volumes/Leopard/Users/aburgh/Projects/iPhone/usbmuxd/CMakeFiles/CMakeTmp
    /Developer/usr/bin/gcc-4.2 -x c++ -arch i386 -fmessage-length=0 -pipe -Wno-trigraphs -fpascal-strings -fasm-blocks -O0 -mdynamic-no-pic -DCMAKE_INTDIR="Debug" -gdwarf-2 -Wmost -Wno-four-char-constants -Wno-unknown-pragmas -F/Users/aburgh/Projects/iPhone/usbmuxd/CMakeFiles/CMakeTmp/Debug -I/Users/aburgh/Projects/iPhone/usbmuxd/CMakeFiles/CMakeTmp/Debug/include -I/Users/aburgh/Library/Caches/Xcode/Build/CMAKE_TRY_COMPILE.build/Debug/cmTryCompileExec.build/DerivedSources/i386 -I/Users/aburgh/Library/Caches/Xcode/Build/CMAKE_TRY_COMPILE.build/Debug/cmTryCompileExec.build/DerivedSources -c /usr/local/share/cmake-2.6/Modules/CMakeCXXCompilerABI.cpp -o /Users/aburgh/Library/Caches/Xcode/Build/CMAKE_TRY_COMPILE.build/Debug/cmTryCompileExec.build/Objects-normal/i386/CMakeCXXCompilerABI.o

Ld /Users/aburgh/Projects/iPhone/usbmuxd/CMakeFiles/CMakeTmp/Debug/cmTryCompileExec normal i386
    cd /Volumes/Leopard/Users/aburgh/Projects/iPhone/usbmuxd/CMakeFiles/CMakeTmp
    /Developer/usr/bin/g++-4.2 -arch i386 -L/Users/aburgh/Projects/iPhone/usbmuxd/CMakeFiles/CMakeTmp/Debug -F/Users/aburgh/Projects/iPhone/usbmuxd/CMakeFiles/CMakeTmp/Debug -filelist /Users/aburgh/Library/Caches/Xcode/Build/CMAKE_TRY_COMPILE.build/Debug/cmTryCompileExec.build/Objects-normal/i386/cmTryCompileExec.LinkFileList -Wl,-search_paths_first -headerpad_max_install_names -o /Users/aburgh/Projects/iPhone/usbmuxd/CMakeFiles/CMakeTmp/Debug/cmTryCompileExec

PhaseScriptExecution "CMake PostBuild Rules" /Users/aburgh/Library/Caches/Xcode/Build/CMAKE_TRY_COMPILE.build/Debug/cmTryCompileExec.build/Script-1007E18B01007E18B01007E1.sh
    cd /Volumes/Leopard/Users/aburgh/Projects/iPhone/usbmuxd/CMakeFiles/CMakeTmp
    /bin/sh -c /Users/aburgh/Library/Caches/Xcode/Build/CMAKE_TRY_COMPILE.build/Debug/cmTryCompileExec.build/Script-1007E18B01007E18B01007E1.sh

echo "Depend check for xcode"
Depend check for xcode
cd /Users/aburgh/Projects/iPhone/usbmuxd/CMakeFiles/CMakeTmp && make -C /Users/aburgh/Projects/iPhone/usbmuxd/CMakeFiles/CMakeTmp -f /Users/aburgh/Projects/iPhone/usbmuxd/CMakeFiles/CMakeTmp/CMakeScripts/XCODE_DEPEND_HELPER.make all.Debug
make[1]: Nothing to be done for `all.Debug'.
** BUILD SUCCEEDED **



